running egg_info
creating build/ros2_robot_mover_python/ros2_robot_mover_python.egg-info
writing build/ros2_robot_mover_python/ros2_robot_mover_python.egg-info/PKG-INFO
writing dependency_links to build/ros2_robot_mover_python/ros2_robot_mover_python.egg-info/dependency_links.txt
writing entry points to build/ros2_robot_mover_python/ros2_robot_mover_python.egg-info/entry_points.txt
writing requirements to build/ros2_robot_mover_python/ros2_robot_mover_python.egg-info/requires.txt
writing top-level names to build/ros2_robot_mover_python/ros2_robot_mover_python.egg-info/top_level.txt
writing manifest file 'build/ros2_robot_mover_python/ros2_robot_mover_python.egg-info/SOURCES.txt'
reading manifest file 'build/ros2_robot_mover_python/ros2_robot_mover_python.egg-info/SOURCES.txt'
writing manifest file 'build/ros2_robot_mover_python/ros2_robot_mover_python.egg-info/SOURCES.txt'
running build
running build_py
creating /home/eyad/rt_ws/src/ros2_robot_mover_python/build/ros2_robot_mover_python/build
creating /home/eyad/rt_ws/src/ros2_robot_mover_python/build/ros2_robot_mover_python/build/lib
creating /home/eyad/rt_ws/src/ros2_robot_mover_python/build/ros2_robot_mover_python/build/lib/ros2_robot_mover_python
copying ros2_robot_mover_python/__init__.py -> /home/eyad/rt_ws/src/ros2_robot_mover_python/build/ros2_robot_mover_python/build/lib/ros2_robot_mover_python
copying ros2_robot_mover_python/mover_node.py -> /home/eyad/rt_ws/src/ros2_robot_mover_python/build/ros2_robot_mover_python/build/lib/ros2_robot_mover_python
running install
running install_lib
creating /home/eyad/rt_ws/src/ros2_robot_mover_python/install/ros2_robot_mover_python/lib/python3.10/site-packages/ros2_robot_mover_python
copying /home/eyad/rt_ws/src/ros2_robot_mover_python/build/ros2_robot_mover_python/build/lib/ros2_robot_mover_python/__init__.py -> /home/eyad/rt_ws/src/ros2_robot_mover_python/install/ros2_robot_mover_python/lib/python3.10/site-packages/ros2_robot_mover_python
copying /home/eyad/rt_ws/src/ros2_robot_mover_python/build/ros2_robot_mover_python/build/lib/ros2_robot_mover_python/mover_node.py -> /home/eyad/rt_ws/src/ros2_robot_mover_python/install/ros2_robot_mover_python/lib/python3.10/site-packages/ros2_robot_mover_python
byte-compiling /home/eyad/rt_ws/src/ros2_robot_mover_python/install/ros2_robot_mover_python/lib/python3.10/site-packages/ros2_robot_mover_python/__init__.py to __init__.cpython-310.pyc
byte-compiling /home/eyad/rt_ws/src/ros2_robot_mover_python/install/ros2_robot_mover_python/lib/python3.10/site-packages/ros2_robot_mover_python/mover_node.py to mover_node.cpython-310.pyc
running install_data
creating /home/eyad/rt_ws/src/ros2_robot_mover_python/install/ros2_robot_mover_python/share/ament_index
creating /home/eyad/rt_ws/src/ros2_robot_mover_python/install/ros2_robot_mover_python/share/ament_index/resource_index
creating /home/eyad/rt_ws/src/ros2_robot_mover_python/install/ros2_robot_mover_python/share/ament_index/resource_index/packages
copying resource/ros2_robot_mover_python -> /home/eyad/rt_ws/src/ros2_robot_mover_python/install/ros2_robot_mover_python/share/ament_index/resource_index/packages
copying package.xml -> /home/eyad/rt_ws/src/ros2_robot_mover_python/install/ros2_robot_mover_python/share/ros2_robot_mover_python
running install_egg_info
Copying build/ros2_robot_mover_python/ros2_robot_mover_python.egg-info to /home/eyad/rt_ws/src/ros2_robot_mover_python/install/ros2_robot_mover_python/lib/python3.10/site-packages/ros2_robot_mover_python-0.0.0-py3.10.egg-info
running install_scripts
Installing mover_node script to /home/eyad/rt_ws/src/ros2_robot_mover_python/install/ros2_robot_mover_python/lib/ros2_robot_mover_python
writing list of installed files to '/home/eyad/rt_ws/src/ros2_robot_mover_python/build/ros2_robot_mover_python/install.log'
