[0.710s] Invoking command in '/home/eyad/rt_ws/src/ros2_robot_mover_python': PYTHONPATH=/home/eyad/rt_ws/src/ros2_robot_mover_python/build/ros2_robot_mover_python/prefix_override:/usr/lib/python3/dist-packages/colcon_core/task/python/colcon_distutils_commands:/home/eyad/rt_ws/src/ros2_robot_mover_python/install/ros2_robot_mover_python/lib/python3.10/site-packages:${PYTHONPATH} /usr/bin/python3 -W ignore:setup.py install is deprecated -W ignore:easy_install command is deprecated setup.py egg_info --egg-base build/ros2_robot_mover_python build --build-base /home/eyad/rt_ws/src/ros2_robot_mover_python/build/ros2_robot_mover_python/build install --record /home/eyad/rt_ws/src/ros2_robot_mover_python/build/ros2_robot_mover_python/install.log --single-version-externally-managed install_data
[0.979s] running egg_info
[0.980s] creating build/ros2_robot_mover_python/ros2_robot_mover_python.egg-info
[0.980s] writing build/ros2_robot_mover_python/ros2_robot_mover_python.egg-info/PKG-INFO
[0.980s] writing dependency_links to build/ros2_robot_mover_python/ros2_robot_mover_python.egg-info/dependency_links.txt
[0.981s] writing entry points to build/ros2_robot_mover_python/ros2_robot_mover_python.egg-info/entry_points.txt
[0.981s] writing requirements to build/ros2_robot_mover_python/ros2_robot_mover_python.egg-info/requires.txt
[0.981s] writing top-level names to build/ros2_robot_mover_python/ros2_robot_mover_python.egg-info/top_level.txt
[0.981s] writing manifest file 'build/ros2_robot_mover_python/ros2_robot_mover_python.egg-info/SOURCES.txt'
[0.983s] reading manifest file 'build/ros2_robot_mover_python/ros2_robot_mover_python.egg-info/SOURCES.txt'
[0.984s] writing manifest file 'build/ros2_robot_mover_python/ros2_robot_mover_python.egg-info/SOURCES.txt'
[0.984s] running build
[0.984s] running build_py
[0.984s] creating /home/eyad/rt_ws/src/ros2_robot_mover_python/build/ros2_robot_mover_python/build
[0.985s] creating /home/eyad/rt_ws/src/ros2_robot_mover_python/build/ros2_robot_mover_python/build/lib
[0.985s] creating /home/eyad/rt_ws/src/ros2_robot_mover_python/build/ros2_robot_mover_python/build/lib/ros2_robot_mover_python
[0.985s] copying ros2_robot_mover_python/__init__.py -> /home/eyad/rt_ws/src/ros2_robot_mover_python/build/ros2_robot_mover_python/build/lib/ros2_robot_mover_python
[0.985s] copying ros2_robot_mover_python/mover_node.py -> /home/eyad/rt_ws/src/ros2_robot_mover_python/build/ros2_robot_mover_python/build/lib/ros2_robot_mover_python
[0.985s] running install
[0.985s] running install_lib
[0.986s] creating /home/eyad/rt_ws/src/ros2_robot_mover_python/install/ros2_robot_mover_python/lib/python3.10/site-packages/ros2_robot_mover_python
[0.986s] copying /home/eyad/rt_ws/src/ros2_robot_mover_python/build/ros2_robot_mover_python/build/lib/ros2_robot_mover_python/__init__.py -> /home/eyad/rt_ws/src/ros2_robot_mover_python/install/ros2_robot_mover_python/lib/python3.10/site-packages/ros2_robot_mover_python
[0.986s] copying /home/eyad/rt_ws/src/ros2_robot_mover_python/build/ros2_robot_mover_python/build/lib/ros2_robot_mover_python/mover_node.py -> /home/eyad/rt_ws/src/ros2_robot_mover_python/install/ros2_robot_mover_python/lib/python3.10/site-packages/ros2_robot_mover_python
[0.987s] byte-compiling /home/eyad/rt_ws/src/ros2_robot_mover_python/install/ros2_robot_mover_python/lib/python3.10/site-packages/ros2_robot_mover_python/__init__.py to __init__.cpython-310.pyc
[0.987s] byte-compiling /home/eyad/rt_ws/src/ros2_robot_mover_python/install/ros2_robot_mover_python/lib/python3.10/site-packages/ros2_robot_mover_python/mover_node.py to mover_node.cpython-310.pyc
[0.987s] running install_data
[0.987s] creating /home/eyad/rt_ws/src/ros2_robot_mover_python/install/ros2_robot_mover_python/share/ament_index
[0.987s] creating /home/eyad/rt_ws/src/ros2_robot_mover_python/install/ros2_robot_mover_python/share/ament_index/resource_index
[0.988s] creating /home/eyad/rt_ws/src/ros2_robot_mover_python/install/ros2_robot_mover_python/share/ament_index/resource_index/packages
[0.988s] copying resource/ros2_robot_mover_python -> /home/eyad/rt_ws/src/ros2_robot_mover_python/install/ros2_robot_mover_python/share/ament_index/resource_index/packages
[0.988s] copying package.xml -> /home/eyad/rt_ws/src/ros2_robot_mover_python/install/ros2_robot_mover_python/share/ros2_robot_mover_python
[0.988s] running install_egg_info
[0.993s] Copying build/ros2_robot_mover_python/ros2_robot_mover_python.egg-info to /home/eyad/rt_ws/src/ros2_robot_mover_python/install/ros2_robot_mover_python/lib/python3.10/site-packages/ros2_robot_mover_python-0.0.0-py3.10.egg-info
[0.993s] running install_scripts
[1.012s] Installing mover_node script to /home/eyad/rt_ws/src/ros2_robot_mover_python/install/ros2_robot_mover_python/lib/ros2_robot_mover_python
[1.013s] writing list of installed files to '/home/eyad/rt_ws/src/ros2_robot_mover_python/build/ros2_robot_mover_python/install.log'
[1.035s] Invoked command in '/home/eyad/rt_ws/src/ros2_robot_mover_python' returned '0': PYTHONPATH=/home/eyad/rt_ws/src/ros2_robot_mover_python/build/ros2_robot_mover_python/prefix_override:/usr/lib/python3/dist-packages/colcon_core/task/python/colcon_distutils_commands:/home/eyad/rt_ws/src/ros2_robot_mover_python/install/ros2_robot_mover_python/lib/python3.10/site-packages:${PYTHONPATH} /usr/bin/python3 -W ignore:setup.py install is deprecated -W ignore:easy_install command is deprecated setup.py egg_info --egg-base build/ros2_robot_mover_python build --build-base /home/eyad/rt_ws/src/ros2_robot_mover_python/build/ros2_robot_mover_python/build install --record /home/eyad/rt_ws/src/ros2_robot_mover_python/build/ros2_robot_mover_python/install.log --single-version-externally-managed install_data
